[debug] [2019-02-24T09:30:24.581Z] ----------------------------------------------------------------------
[debug] [2019-02-24T09:30:24.583Z] Command:       /Users/laco/.nodebrew/node/v10.15.1/bin/node /usr/local/bin/firebase serve --only functions
[debug] [2019-02-24T09:30:24.583Z] CLI Version:   6.4.0
[debug] [2019-02-24T09:30:24.583Z] Platform:      darwin
[debug] [2019-02-24T09:30:24.583Z] Node Version:  v10.15.1
[debug] [2019-02-24T09:30:24.584Z] Time:          Sun Feb 24 2019 18:30:24 GMT+0900 (GMT+09:00)
[debug] [2019-02-24T09:30:24.584Z] ----------------------------------------------------------------------
[debug] 
[debug] [2019-02-24T09:30:24.594Z] > command requires scopes: ["email","openid","https://www.googleapis.com/auth/cloudplatformprojects.readonly","https://www.googleapis.com/auth/firebase","https://www.googleapis.com/auth/cloud-platform"]
[debug] [2019-02-24T09:30:24.594Z] > authorizing via signed-in user
[debug] [2019-02-24T09:30:24.594Z] [iam] checking project contributors-img for permissions ["firebase.projects.get"]
[debug] [2019-02-24T09:30:24.596Z] >>> HTTP REQUEST POST https://cloudresourcemanager.googleapis.com/v1/projects/contributors-img:testIamPermissions  

[debug] [2019-02-24T09:30:25.509Z] <<< HTTP RESPONSE 200
[debug] [2019-02-24T09:30:25.512Z] >>> HTTP REQUEST GET https://cloudresourcemanager.googleapis.com/v1/projects/contributors-img  
 
[debug] [2019-02-24T09:30:26.477Z] <<< HTTP RESPONSE 200
[info] 
[info] === Serving from '/Users/laco/Works/puppeteer-screenshot-test'...
[info] 
[info] i  functions: Preparing to emulate functions.
[debug] [2019-02-24T09:30:27.083Z] Fetching environment
[debug] [2019-02-24T09:30:27.085Z] >>> HTTP REQUEST GET https://mobilesdk-pa.googleapis.com/v1/projects/484218711641:getServerAppConfig  
 
[debug] [2019-02-24T09:30:27.565Z] <<< HTTP RESPONSE 200
[debug] [2019-02-24T09:30:27.566Z] Starting @google-cloud/functions-emulator
[debug] [2019-02-24T09:30:28.612Z] Parsing function triggers
[info] ✔  functions: createContributorsImage: http://localhost:5000/contributors-img/us-central1/createContributorsImage
